<?xml version="1.0" encoding="UTF-8"?>
<testsuite xmlns:xsi="http://www.w3.org/2001/XMLSchema-instance" xsi:noNamespaceSchemaLocation="https://maven.apache.org/surefire/maven-surefire-plugin/xsd/surefire-test-report-3.0.xsd" version="3.0" name="com.vytrack.runners.CucumberRunner" time="71.391" tests="4" errors="0" skipped="0" failures="2">
  <properties>
[...]
</properties>
  <testcase name="Verify dashboard page" classname="Smoke test" time="11.625"/>
  <testcase name="Verify Manage Dashboards page" classname="Smoke test" time="14.116">
    <failure message="expected:&lt;...ll Manage Dashboards[ ]&gt; but was:&lt;...ll Manage Dashboards[]&gt;" type="org.junit.ComparisonFailure"><![CDATA[org.junit.ComparisonFailure: expected:<...ll Manage Dashboards[ ]> but was:<...ll Manage Dashboards[]>
]]></failure>
    <system-out><![CDATA[
TRYING TO CREATE DRIVER
Login page
Login as store manager
element click intercepted: Element <span class="title title-level-1">...</span> is not clickable at point (67, 56). Other element would receive the click: <div class="loader-mask shown">...</div>
  (Session info: chrome=79.0.3945.117)
Build info: version: '3.141.59', revision: 'e82be7d358', time: '2018-11-14T08:17:03'
System info: host: 'Alihans-MacBook-Air.local', ip: '2600:8806:6400:12a0:58b8:fff2:3d4d:ba1d%en0', os.name: 'Mac OS X', os.arch: 'x86_64', os.version: '10.15.2', java.version: '12.0.2'
Driver info: org.openqa.selenium.chrome.ChromeDriver
Capabilities {acceptInsecureCerts: false, browserName: chrome, browserVersion: 79.0.3945.117, chrome: {chromedriverVersion: 79.0.3945.36 (3582db32b3389..., userDataDir: /var/folders/_2/2_fzmn013pz...}, goog:chromeOptions: {debuggerAddress: localhost:53434}, javascriptEnabled: true, networkConnectionEnabled: false, pageLoadStrategy: normal, platform: MAC, platformName: MAC, proxy: Proxy(), setWindowRect: true, strictFileInteractability: false, timeouts: {implicit: 0, pageLoad: 300000, script: 30000}, unhandledPromptBehavior: dismiss and notify}
Session ID: 5c53f3414e56b973b194a9b898bf1c1e
Test failed
###############
]]></system-out>
    <system-err><![CDATA[[main] INFO io.github.bonigarcia.wdm.WebDriverManager - Using chromedriver 79.0.3945.36 (since Google Chrome 79 is installed in your machine)
[main] INFO io.github.bonigarcia.wdm.WebDriverManager - Exporting webdriver.chrome.driver as /Users/alihannamli/.m2/repository/webdriver/chromedriver/mac64/79.0.3945.36/chromedriver
Starting ChromeDriver 79.0.3945.36 (3582db32b33893869b8c1339e8f4d9ed1816f143-refs/branch-heads/3945@{#614}) on port 24126
Only local connections are allowed.
Please protect ports used by ChromeDriver and related test frameworks to prevent access by malicious code.
Jan 18, 2020 2:41:48 AM org.openqa.selenium.remote.ProtocolHandshake createSession
INFO: Detected dialect: W3C
]]></system-err>
  </testcase>
  <testcase name="Verify Vehicle page" classname="Smoke test" time="13.088"/>
  <testcase name="Verify Accounts page" classname="Smoke test" time="31.798">
    <failure message="expected:&lt;[All Accounts]&gt; but was:&lt;[Dashboard]&gt;" type="org.junit.ComparisonFailure"><![CDATA[org.junit.ComparisonFailure: expected:<[All Accounts]> but was:<[Dashboard]>
]]></failure>
    <system-out><![CDATA[
TRYING TO CREATE DRIVER
Login page
Login as store manager
element not interactable
  (Session info: chrome=79.0.3945.117)
Build info: version: '3.141.59', revision: 'e82be7d358', time: '2018-11-14T08:17:03'
System info: host: 'Alihans-MacBook-Air.local', ip: '2600:8806:6400:12a0:58b8:fff2:3d4d:ba1d%en0', os.name: 'Mac OS X', os.arch: 'x86_64', os.version: '10.15.2', java.version: '12.0.2'
Driver info: org.openqa.selenium.chrome.ChromeDriver
Capabilities {acceptInsecureCerts: false, browserName: chrome, browserVersion: 79.0.3945.117, chrome: {chromedriverVersion: 79.0.3945.36 (3582db32b3389..., userDataDir: /var/folders/_2/2_fzmn013pz...}, goog:chromeOptions: {debuggerAddress: localhost:53471}, javascriptEnabled: true, networkConnectionEnabled: false, pageLoadStrategy: normal, platform: MAC, platformName: MAC, proxy: Proxy(), setWindowRect: true, strictFileInteractability: false, timeouts: {implicit: 0, pageLoad: 300000, script: 30000}, unhandledPromptBehavior: dismiss and notify}
Session ID: e6769e47537b700355f6caac6f7e28f9
Test failed
###############
]]></system-out>
    <system-err><![CDATA[[main] INFO io.github.bonigarcia.wdm.WebDriverManager - Using chromedriver 79.0.3945.36 (since Google Chrome 79 is installed in your machine)
[main] INFO io.github.bonigarcia.wdm.WebDriverManager - Exporting webdriver.chrome.driver as /Users/alihannamli/.m2/repository/webdriver/chromedriver/mac64/79.0.3945.36/chromedriver
Starting ChromeDriver 79.0.3945.36 (3582db32b33893869b8c1339e8f4d9ed1816f143-refs/branch-heads/3945@{#614}) on port 8159
Only local connections are allowed.
Please protect ports used by ChromeDriver and related test frameworks to prevent access by malicious code.
Jan 18, 2020 2:42:15 AM org.openqa.selenium.remote.ProtocolHandshake createSession
INFO: Detected dialect: W3C
org.openqa.selenium.TimeoutException: Expected condition failed: waiting for visibility of [[ChromeDriver: chrome on MAC (e6769e47537b700355f6caac6f7e28f9)] -> xpath: //*[normalize-space()='Accounts' and @class='title title-level-2']] (tried for 20 second(s) with 500 milliseconds interval)
Build info: version: '3.141.59', revision: 'e82be7d358', time: '2018-11-14T08:17:03'
System info: host: 'Alihans-MacBook-Air.local', ip: '2600:8806:6400:12a0:58b8:fff2:3d4d:ba1d%en0', os.name: 'Mac OS X', os.arch: 'x86_64', os.version: '10.15.2', java.version: '12.0.2'
Driver info: org.openqa.selenium.chrome.ChromeDriver
Capabilities {acceptInsecureCerts: false, browserName: chrome, browserVersion: 79.0.3945.117, chrome: {chromedriverVersion: 79.0.3945.36 (3582db32b3389..., userDataDir: /var/folders/_2/2_fzmn013pz...}, goog:chromeOptions: {debuggerAddress: localhost:53471}, javascriptEnabled: true, networkConnectionEnabled: false, pageLoadStrategy: normal, platform: MAC, platformName: MAC, proxy: Proxy(), setWindowRect: true, strictFileInteractability: false, timeouts: {implicit: 0, pageLoad: 300000, script: 30000}, unhandledPromptBehavior: dismiss and notify}
Session ID: e6769e47537b700355f6caac6f7e28f9
	at org.openqa.selenium.support.ui.WebDriverWait.timeoutException(WebDriverWait.java:95)
	at org.openqa.selenium.support.ui.FluentWait.until(FluentWait.java:272)
	at com.vytrack.pages.BasePage.navigateTo(BasePage.java:95)
	at com.vytrack.step_definitions.TopMenuStepDefinitions.user_navigates_to_then_to(TopMenuStepDefinitions.java:13)
	at java.base/jdk.internal.reflect.NativeMethodAccessorImpl.invoke0(Native Method)
	at java.base/jdk.internal.reflect.NativeMethodAccessorImpl.invoke(NativeMethodAccessorImpl.java:62)
	at java.base/jdk.internal.reflect.DelegatingMethodAccessorImpl.invoke(DelegatingMethodAccessorImpl.java:43)
	at java.base/java.lang.reflect.Method.invoke(Method.java:567)
	at cucumber.runtime.Utils$1.call(Utils.java:26)
	at cucumber.runtime.Timeout.timeout(Timeout.java:16)
	at cucumber.runtime.Utils.invoke(Utils.java:20)
	at cucumber.runtime.java.JavaStepDefinition.execute(JavaStepDefinition.java:57)
	at cucumber.runner.PickleStepDefinitionMatch.runStep(PickleStepDefinitionMatch.java:50)
	at cucumber.runner.TestStep.executeStep(TestStep.java:65)
	at cucumber.runner.TestStep.run(TestStep.java:50)
	at cucumber.runner.PickleStepTestStep.run(PickleStepTestStep.java:43)
	at cucumber.runner.TestCase.run(TestCase.java:46)
	at cucumber.runner.Runner.runPickle(Runner.java:50)
	at io.cucumber.junit.PickleRunners$NoStepDescriptions.run(PickleRunners.java:146)
	at io.cucumber.junit.FeatureRunner.runChild(FeatureRunner.java:68)
	at io.cucumber.junit.FeatureRunner.runChild(FeatureRunner.java:23)
	at org.junit.runners.ParentRunner$3.run(ParentRunner.java:290)
	at org.junit.runners.ParentRunner$1.schedule(ParentRunner.java:71)
	at org.junit.runners.ParentRunner.runChildren(ParentRunner.java:288)
	at org.junit.runners.ParentRunner.access$000(ParentRunner.java:58)
	at org.junit.runners.ParentRunner$2.evaluate(ParentRunner.java:268)
	at org.junit.runners.ParentRunner.run(ParentRunner.java:363)
	at io.cucumber.junit.Cucumber.runChild(Cucumber.java:144)
	at io.cucumber.junit.Cucumber.runChild(Cucumber.java:65)
	at org.junit.runners.ParentRunner$3.run(ParentRunner.java:290)
	at org.junit.runners.ParentRunner$1.schedule(ParentRunner.java:71)
	at org.junit.runners.ParentRunner.runChildren(ParentRunner.java:288)
	at org.junit.runners.ParentRunner.access$000(ParentRunner.java:58)
	at org.junit.runners.ParentRunner$2.evaluate(ParentRunner.java:268)
	at io.cucumber.junit.Cucumber$RunCucumber.evaluate(Cucumber.java:174)
	at org.junit.runners.ParentRunner.run(ParentRunner.java:363)
	at org.apache.maven.surefire.junit4.JUnit4Provider.execute(JUnit4Provider.java:365)
	at org.apache.maven.surefire.junit4.JUnit4Provider.executeWithRerun(JUnit4Provider.java:273)
	at org.apache.maven.surefire.junit4.JUnit4Provider.executeTestSet(JUnit4Provider.java:238)
	at org.apache.maven.surefire.junit4.JUnit4Provider.invoke(JUnit4Provider.java:159)
	at org.apache.maven.surefire.booter.ForkedBooter.invokeProviderInSameClassLoader(ForkedBooter.java:384)
	at org.apache.maven.surefire.booter.ForkedBooter.runSuitesInProcess(ForkedBooter.java:345)
	at org.apache.maven.surefire.booter.ForkedBooter.execute(ForkedBooter.java:126)
	at org.apache.maven.surefire.booter.ForkedBooter.main(ForkedBooter.java:418)
]]></system-err>
  </testcase>
</testsuite>